C:\VISUAL STUDIO\HW02\HW02\DEBUG\HW02.OBJ
C:\VISUAL STUDIO\HW02\HW02\DEBUG\VC110.PDB
C:\VISUAL STUDIO\HW02\DEBUG\HW02.ILK
C:\VISUAL STUDIO\HW02\DEBUG\HW02.EXE
C:\VISUAL STUDIO\HW02\DEBUG\HW02.PDB
C:\visual studio\HW02\HW02\Debug\HW02.obj
C:\visual studio\HW02\HW02\Debug\cl.command.1.tlog
C:\visual studio\HW02\HW02\Debug\CL.read.1.tlog
C:\visual studio\HW02\HW02\Debug\CL.write.1.tlog
C:\visual studio\HW02\HW02\Debug\link-cvtres.read.1.tlog
C:\visual studio\HW02\HW02\Debug\link-cvtres.write.1.tlog
C:\visual studio\HW02\HW02\Debug\link-rc.read.1.tlog
C:\visual studio\HW02\HW02\Debug\link-rc.write.1.tlog
C:\visual studio\HW02\HW02\Debug\link.command.1.tlog
C:\visual studio\HW02\HW02\Debug\link.read.1.tlog
C:\visual studio\HW02\HW02\Debug\link.write.1.tlog
C:\visual studio\HW02\HW02\Debug\vc110.idb
C:\visual studio\HW02\HW02\Debug\vc110.pdb
C:\visual studio\HW02\Debug\HW02.pdb
C:\visual studio\HW02\Debug\HW02.exe
C:\visual studio\HW02\Debug\HW02.ilk
